<?xml version="1.0" encoding="UTF-8"?>
<!-- Generated by org.testng.reporters.JUnitReportReporter -->
<testsuite skipped="0" hostname="azstorageexp" name="testcases.AddProduct" tests="1" failures="0" timestamp="30 Jan 2020 04:26:09 GMT" time="1.385" errors="0">
  <testcase name="testcaseone" time="1.385" classname="testcases.AddProduct"/>
</testsuite> <!-- testcases.AddProduct -->
