<?xml version="1.0" encoding="UTF-8"?>
<!-- Generated by org.testng.reporters.JUnitReportReporter -->
<testsuite skipped="0" hostname="azstorageexp" name="testcases.Post" tests="1" failures="0" timestamp="24 Jan 2020 04:25:31 GMT" time="2.432" errors="0">
  <testcase name="testcaseone1" time="2.432" classname="testcases.Post"/>
</testsuite> <!-- testcases.Post -->
