<?xml version="1.0" encoding="UTF-8"?>
<!-- Generated by org.testng.reporters.JUnitReportReporter -->
<testsuite hostname="E4ML14565" failures="0" tests="1" name="testcases.AddProduct" time="4.464" errors="0" timestamp="2020-01-30T01:03:05 CST" skipped="0">
  <testcase classname="testcases.AddProduct" name="testcaseone" time="4.464"/>
  <system-out/>
</testsuite> <!-- testcases.AddProduct -->
