<?xml version="1.0" encoding="UTF-8"?>
<!-- Generated by org.testng.reporters.JUnitReportReporter -->
<testsuite skipped="0" hostname="azstorageexp" name="testcases.GetAllProduct" tests="1" failures="0" timestamp="25 Jan 2020 17:06:29 GMT" time="2.110" errors="0">
  <testcase name="getAllProductTest" time="2.110" classname="testcases.GetAllProduct"/>
</testsuite> <!-- testcases.GetAllProduct -->
